\BOOKMARK [0][-]{chapter.1}{Introduction}{}
\BOOKMARK [1][-]{section.1.1}{The Need for Binary Analysis}{chapter.1}
\BOOKMARK [1][-]{section.1.2}{Desired Properties}{chapter.1}
\BOOKMARK [1][-]{section.1.3}{BAP Overview}{chapter.1}
\BOOKMARK [0][-]{chapter.2}{The BAP Toolkit}{}
\BOOKMARK [1][-]{section.2.1}{Toolkit Overview}{chapter.2}
\BOOKMARK [1][-]{section.2.2}{Obtaining BAP}{chapter.2}
\BOOKMARK [1][-]{section.2.3}{Lifting Binary Code to BIL}{chapter.2}
\BOOKMARK [1][-]{section.2.4}{The internals of toil}{chapter.2}
\BOOKMARK [1][-]{section.2.5}{Transformations on BIL Code}{chapter.2}
\BOOKMARK [1][-]{section.2.6}{Tools from BIL}{chapter.2}
\BOOKMARK [2][-]{subsection.2.6.1}{topredicate}{section.2.6}
\BOOKMARK [2][-]{subsection.2.6.2}{evaluate}{section.2.6}
\BOOKMARK [2][-]{subsection.2.6.3}{toc}{section.2.6}
\BOOKMARK [1][-]{section.2.7}{Discussion}{chapter.2}
\BOOKMARK [2][-]{subsection.2.7.1}{Why Design a New Infrastructure?}{section.2.7}
\BOOKMARK [2][-]{subsection.2.7.2}{Limitations of BAP}{section.2.7}
\BOOKMARK [2][-]{subsection.2.7.3}{Is Lifting Correct?}{section.2.7}
\BOOKMARK [2][-]{subsection.2.7.4}{Size of Lifting IL for a Program}{section.2.7}
\BOOKMARK [0][-]{chapter.3}{Formalization of BIL}{}
\BOOKMARK [1][-]{section.3.1}{The BIL Language}{chapter.3}
\BOOKMARK [2][-]{subsection.3.1.1}{Values and Types}{section.3.1}
\BOOKMARK [2][-]{subsection.3.1.2}{Expressions}{section.3.1}
\BOOKMARK [2][-]{subsection.3.1.3}{Statements and Programs}{section.3.1}
\BOOKMARK [1][-]{section.3.2}{Normalized Memory}{chapter.3}
\BOOKMARK [2][-]{subsection.3.2.1}{Operational Semantics}{section.3.2}
\BOOKMARK [0][-]{chapter.4}{BAP Development Guide}{}
\BOOKMARK [1][-]{section.4.1}{Overview}{chapter.4}
\BOOKMARK [0][-]{chapter.5}{Related Work}{}
\BOOKMARK [0][-]{chapter.6}{Credits}{}
